[35m[Appium][39m Welcome to Appium v1.22.0
[35m[Appium][39m Non-default server args:
[35m[Appium][39m   port: 53375
[35m[Appium][39m   loglevel: info
[35m[Appium][39m   tmpDir: /var/folders/qg/kpqlpw3s4ts4y41wj6htghnc0000gn/T//Katalon/Appium/Temp1692118982751
[35m[Appium][39m   chromedriverPort: 53376
[35m[Appium][39m Deprecated server args:
[35m[Appium][39m   [31m--chromedriver-port[39m => --default-capabilities
[35m[Appium][39m Default capabilities, which will be added to each request unless overridden by desired capabilities:
[35m[Appium][39m   chromedriverPort: 53376
[35m[Appium][39m Appium REST http interface listener started on 0.0.0.0:53375
[35m[HTTP][39m [37m-->[39m [37mGET[39m [37m/wd/hub/status[39m
[35m[HTTP][39m [90m{}[39m
[35m[HTTP][39m [37m<-- GET /wd/hub/status [39m[32m200[39m [90m15 ms - 68[39m
[35m[HTTP][39m [90m[39m
[35m[HTTP][39m [37m-->[39m [37mGET[39m [37m/wd/hub/status[39m
[35m[HTTP][39m [90m{}[39m
[35m[HTTP][39m [37m<-- GET /wd/hub/status [39m[32m200[39m [90m9 ms - 68[39m
[35m[HTTP][39m [90m[39m
[35m[HTTP][39m [37m-->[39m [37mPOST[39m [37m/wd/hub/session[39m
[35m[HTTP][39m [90m{"desiredCapabilities":{"app":"/Users/lidya/Downloads/Wina/automation-katalon/mobile-automation-testing/Data Files/com.mpayror.www_2018-01-09.apk","noReset":true,"deviceName":"Xiaomi 220233L2G (Android 11)","fullReset":false,"platform":"ANDROID","newCommandTimeout":1800,"platformVersion":"11","automationName":"uiautomator2","autoGrantPermissions":true,"platformName":"Android","udid":"IJEAM75PKNXSF64H","systemPort":53385},"capabilities":{"firstMatch":[{"appium:app":"/Users/lidya/Downloads/Wina/automation-katalon/mobile-automation-testing/Data Files/com.mpayror.www_2018-01-09.apk","appium:autoGrantPermissions":true,"appium:automationName":"uiautomator2","appium:deviceName":"Xiaomi 220233L2G (Android 11)","appium:fullReset":false,"appium:newCommandTimeout":1800,"appium:noReset":true,"platform":"ANDROID","platformName":"android","appium:platformVersion":"11","appium:systemPort":53385,"appium:udid":"IJEAM75PKNXSF64H"}]}}[39m
[35m[BaseDriver][39m The following capabilities are not standard capabilities and should have an extension prefix:
[35m[BaseDriver][39m   platform
[35m[BaseDriver][39m   chromedriverPort
[35m[Appium][39m Appium v1.22.0 creating new AndroidUiautomator2Driver (v1.69.0) session
[35m[BaseDriver][39m The following capabilities were provided, but are not recognized by Appium:
[35m[BaseDriver][39m   platform
[35m[BaseDriver][39m Session created with session id: b783eea9-2684-427f-8109-ba53fdd4b8d2
[35m[BaseDriver][39m Using local app '/Users/lidya/Downloads/Wina/automation-katalon/mobile-automation-testing/Data Files/com.mpayror.www_2018-01-09.apk'
[35m[ADB][39m Found 1 'build-tools' folders under '/Users/lidya/.katalon/tools/android_sdk' (newest first):
[35m[ADB][39m     /Users/lidya/.katalon/tools/android_sdk/build-tools/29.0.3
[35m[ADB][39m Using 'adb' from '/Users/lidya/.katalon/tools/android_sdk/platform-tools/adb'
[35m[AndroidDriver][39m Retrieving device list
[35m[AndroidDriver][39m Using device: IJEAM75PKNXSF64H
[35m[ADB][39m Using 'adb' from '/Users/lidya/.katalon/tools/android_sdk/platform-tools/adb'
[35m[ADB][39m Getting device platform version
[35m[UiAutomator2][39m Relaxing hidden api policy
[35m[ADB][39m Package name: 'com.mpayror.www'
[35m[ADB][39m Main activity name: 'com.mpayror.www.MainActivity'
[35m[ADB][39m Using 'apksigner.jar' from '/Users/lidya/.katalon/tools/android_sdk/build-tools/29.0.3/lib/apksigner.jar'
[35m[ADB][39m '/usr/local/lib/node_modules/appium/node_modules/appium-uiautomator2-server/apks/appium-uiautomator2-server-v4.24.0.apk' is signed with the default certificate
[35m[ADB][39m '/usr/local/lib/node_modules/appium/node_modules/appium-uiautomator2-server/apks/appium-uiautomator2-server-debug-androidTest.apk' is signed with the default certificate
[35m[UiAutomator2][39m Server packages are not going to be (re)installed
[35m[ADB][39m Adding packages ["io.appium.settings","io.appium.uiautomator2.server","io.appium.uiautomator2.server.test"] to Doze whitelist
[35m[ADB][39m '/Users/lidya/Downloads/Wina/automation-katalon/mobile-automation-testing/Data Files/com.mpayror.www_2018-01-09.apk' is signed with a non-default certificate
[35m[ADB][39m The application at '/Users/lidya/Downloads/Wina/automation-katalon/mobile-automation-testing/Data Files/com.mpayror.www_2018-01-09.apk' will not be cached, because the device under test has confirmed the support of streamed installs
[35m[ADB][39m The installation of 'com.mpayror.www_2018-01-09.apk' took 5427ms
[35m[UiAutomator2][39m Starting UIAutomator2 server 4.24.0
[35m[UiAutomator2][39m Using UIAutomator2 server from '/usr/local/lib/node_modules/appium/node_modules/appium-uiautomator2-server/apks/appium-uiautomator2-server-v4.24.0.apk' and test from '/usr/local/lib/node_modules/appium/node_modules/appium-uiautomator2-server/apks/appium-uiautomator2-server-debug-androidTest.apk'
[35m[UiAutomator2][39m Waiting up to 30000ms for UiAutomator2 to be online...
[35m[WD Proxy][39m socket hang up
[35m[WD Proxy][39m socket hang up
[35m[WD Proxy][39m socket hang up
[35m[WD Proxy][39m socket hang up
[35m[WD Proxy][39m socket hang up
[35m[WD Proxy][39m Determined the downstream protocol as 'W3C'
[35m[AndroidDriver][39m Screen already unlocked, doing nothing
[35m[UiAutomator2][39m Starting 'com.mpayror.www/com.mpayror.www.MainActivity and waiting for 'com.mpayror.www/com.mpayror.www.MainActivity'
[35m[Appium][39m New AndroidUiautomator2Driver session created successfully, session b783eea9-2684-427f-8109-ba53fdd4b8d2 added to master session list
[35m[HTTP][39m [37m<-- POST /wd/hub/session [39m[32m200[39m [90m17355 ms - 1393[39m
[35m[HTTP][39m [90m[39m
[35m[HTTP][39m [37m-->[39m [37mGET[39m [37m/wd/hub/session/b783eea9-2684-427f-8109-ba53fdd4b8d2[39m
[35m[HTTP][39m [90m{}[39m
[35m[HTTP][39m [37m<-- GET /wd/hub/session/b783eea9-2684-427f-8109-ba53fdd4b8d2 [39m[32m200[39m [90m24 ms - 1347[39m
[35m[HTTP][39m [90m[39m
[35m[HTTP][39m [37m-->[39m [37mGET[39m [37m/wd/hub/session/b783eea9-2684-427f-8109-ba53fdd4b8d2[39m
[35m[HTTP][39m [90m{}[39m
[35m[HTTP][39m [37m<-- GET /wd/hub/session/b783eea9-2684-427f-8109-ba53fdd4b8d2 [39m[32m200[39m [90m25 ms - 1347[39m
[35m[HTTP][39m [90m[39m
[35m[HTTP][39m [37m-->[39m [37mGET[39m [37m/wd/hub/status[39m
[35m[HTTP][39m [90m{}[39m
[35m[HTTP][39m [37m<-- GET /wd/hub/status [39m[32m200[39m [90m1 ms - 68[39m
[35m[HTTP][39m [90m[39m
[35m[HTTP][39m [37m-->[39m [37mPOST[39m [37m/wd/hub/session/b783eea9-2684-427f-8109-ba53fdd4b8d2/timeouts[39m
[35m[HTTP][39m [90m{"implicit":60000}[39m
[35m[HTTP][39m [37m<-- POST /wd/hub/session/b783eea9-2684-427f-8109-ba53fdd4b8d2/timeouts [39m[32m200[39m [90m2 ms - 14[39m
[35m[HTTP][39m [90m[39m
[35m[HTTP][39m [37m-->[39m [37mGET[39m [37m/wd/hub/session/b783eea9-2684-427f-8109-ba53fdd4b8d2/source[39m
[35m[HTTP][39m [90m{}[39m
[35m[W3C (b783eea9)][39m Driver proxy active, passing request on via HTTP proxy
[35m[WD Proxy][39m Replacing sessionId d50d8d94-4fda-41b7-a833-396f546a845a with b783eea9-2684-427f-8109-ba53fdd4b8d2
[35m[HTTP][39m [37m<-- GET /wd/hub/session/b783eea9-2684-427f-8109-ba53fdd4b8d2/source [39m[32m200[39m [90m109 ms - 2276[39m
[35m[HTTP][39m [90m[39m
[35m[HTTP][39m [37m-->[39m [37mGET[39m [37m/wd/hub/session/b783eea9-2684-427f-8109-ba53fdd4b8d2/screenshot[39m
[35m[HTTP][39m [90m{}[39m
[35m[HTTP][39m [37m<-- GET /wd/hub/session/b783eea9-2684-427f-8109-ba53fdd4b8d2/screenshot [39m[32m200[39m [90m784 ms - 152162[39m
[35m[HTTP][39m [90m[39m
[35m[HTTP][39m [37m-->[39m [37mGET[39m [37m/wd/hub/session/b783eea9-2684-427f-8109-ba53fdd4b8d2/source[39m
[35m[HTTP][39m [90m{}[39m
[35m[W3C (b783eea9)][39m Driver proxy active, passing request on via HTTP proxy
[35m[WD Proxy][39m Replacing sessionId d50d8d94-4fda-41b7-a833-396f546a845a with b783eea9-2684-427f-8109-ba53fdd4b8d2
[35m[HTTP][39m [37m<-- GET /wd/hub/session/b783eea9-2684-427f-8109-ba53fdd4b8d2/source [39m[32m200[39m [90m716 ms - 30083[39m
[35m[HTTP][39m [90m[39m
[35m[HTTP][39m [37m-->[39m [37mGET[39m [37m/wd/hub/session/b783eea9-2684-427f-8109-ba53fdd4b8d2/screenshot[39m
[35m[HTTP][39m [90m{}[39m
[35m[HTTP][39m [37m<-- GET /wd/hub/session/b783eea9-2684-427f-8109-ba53fdd4b8d2/screenshot [39m[32m200[39m [90m629 ms - 84344[39m
[35m[HTTP][39m [90m[39m
[35m[HTTP][39m [37m-->[39m [37mPOST[39m [37m/wd/hub/session/b783eea9-2684-427f-8109-ba53fdd4b8d2/elements[39m
[35m[HTTP][39m [90m{"using":"xpath","value":"//*[@class = 'android.widget.TextView' and (@text = 'Gender' or . = 'Gender') and @resource-id = 'lbl-14']"}[39m
[35m[HTTP][39m [37m<-- POST /wd/hub/session/b783eea9-2684-427f-8109-ba53fdd4b8d2/elements [39m[32m200[39m [90m440 ms - 139[39m
[35m[HTTP][39m [90m[39m
[35m[HTTP][39m [37m-->[39m [37mGET[39m [37m/wd/hub/session/b783eea9-2684-427f-8109-ba53fdd4b8d2/window/rect[39m
[35m[HTTP][39m [90m{}[39m
[35m[HTTP][39m [37m<-- GET /wd/hub/session/b783eea9-2684-427f-8109-ba53fdd4b8d2/window/rect [39m[32m200[39m [90m54 ms - 49[39m
[35m[HTTP][39m [90m[39m
[35m[HTTP][39m [37m-->[39m [37mPOST[39m [37m/wd/hub/session/b783eea9-2684-427f-8109-ba53fdd4b8d2/elements[39m
[35m[HTTP][39m [90m{"using":"xpath","value":"//*[@class = 'android.widget.TextView' and (@text = 'Gender' or . = 'Gender') and @resource-id = 'lbl-14']"}[39m
[35m[HTTP][39m [37m<-- POST /wd/hub/session/b783eea9-2684-427f-8109-ba53fdd4b8d2/elements [39m[32m200[39m [90m251 ms - 139[39m
[35m[HTTP][39m [90m[39m
[35m[HTTP][39m [37m-->[39m [37mGET[39m [37m/wd/hub/session/b783eea9-2684-427f-8109-ba53fdd4b8d2/element/00000000-0000-0138-0000-00df0000000e/location[39m
[35m[HTTP][39m [90m{}[39m
[35m[W3C (b783eea9)][39m Driver proxy active, passing request on via HTTP proxy
[35m[WD Proxy][39m Replacing sessionId d50d8d94-4fda-41b7-a833-396f546a845a with b783eea9-2684-427f-8109-ba53fdd4b8d2
[35m[HTTP][39m [37m<-- GET /wd/hub/session/b783eea9-2684-427f-8109-ba53fdd4b8d2/element/00000000-0000-0138-0000-00df0000000e/location [39m[32m200[39m [90m47 ms - 77[39m
[35m[HTTP][39m [90m[39m
[35m[HTTP][39m [37m-->[39m [37mPOST[39m [37m/wd/hub/session/b783eea9-2684-427f-8109-ba53fdd4b8d2/element/00000000-0000-0138-0000-00df0000000e/click[39m
[35m[HTTP][39m [90m{"id":"00000000-0000-0138-0000-00df0000000e"}[39m
[35m[HTTP][39m [37m<-- POST /wd/hub/session/b783eea9-2684-427f-8109-ba53fdd4b8d2/element/00000000-0000-0138-0000-00df0000000e/click [39m[32m200[39m [90m78 ms - 14[39m
[35m[HTTP][39m [90m[39m
[35m[HTTP][39m [37m-->[39m [37mGET[39m [37m/wd/hub/session/b783eea9-2684-427f-8109-ba53fdd4b8d2/source[39m
[35m[HTTP][39m [90m{}[39m
[35m[W3C (b783eea9)][39m Driver proxy active, passing request on via HTTP proxy
[35m[WD Proxy][39m Replacing sessionId d50d8d94-4fda-41b7-a833-396f546a845a with b783eea9-2684-427f-8109-ba53fdd4b8d2
[35m[HTTP][39m [37m<-- GET /wd/hub/session/b783eea9-2684-427f-8109-ba53fdd4b8d2/source [39m[32m200[39m [90m585 ms - 30083[39m
[35m[HTTP][39m [90m[39m
[35m[HTTP][39m [37m-->[39m [37mGET[39m [37m/wd/hub/session/b783eea9-2684-427f-8109-ba53fdd4b8d2/screenshot[39m
[35m[HTTP][39m [90m{}[39m
[35m[HTTP][39m [37m<-- GET /wd/hub/session/b783eea9-2684-427f-8109-ba53fdd4b8d2/screenshot [39m[32m200[39m [90m635 ms - 84318[39m
[35m[HTTP][39m [90m[39m
[35m[HTTP][39m [37m-->[39m [37mDELETE[39m [37m/wd/hub/session/b783eea9-2684-427f-8109-ba53fdd4b8d2[39m
[35m[HTTP][39m [90m{}[39m
[35m[Appium][39m Removing session b783eea9-2684-427f-8109-ba53fdd4b8d2 from our master session list
[35m[UiAutomator2][39m Restoring hidden api policy to the device default configuration
[35m[HTTP][39m [37m<-- DELETE /wd/hub/session/b783eea9-2684-427f-8109-ba53fdd4b8d2 [39m[32m200[39m [90m403 ms - 14[39m
[35m[HTTP][39m [90m[39m
